0001/01/01 00:00:00.000  [M] [/Users/yiche/.g/go/src/log/log.go:181]  [HTTP] http: superfluous response.WriteHeader call from github.com/beego/beego/v2/server/web/context.(*Response).WriteHeader (context.go:230)
2021/04/10 15:42:14.902  [I] [/Users/yiche/Desktop/code/go/src/github.com/mengjunwei/go_api_project/vendor/github.com/beego/beego/v2/core/logs/log.go:745]  536870912
2021/04/10 15:42:14.902  [I] [/Users/yiche/Desktop/code/go/src/github.com/mengjunwei/go_api_project/vendor/github.com/beego/beego/v2/core/logs/log.go:745]  this yellow cat is 3 years old
2021/04/10 15:42:14.902  [W] [/Users/yiche/Desktop/code/go/src/github.com/mengjunwei/go_api_project/vendor/github.com/beego/beego/v2/core/logs/log.go:730]  json is a type of kv like map[key:2016]
2021/04/10 15:42:14.902  [E] [/Users/yiche/Desktop/code/go/src/github.com/mengjunwei/go_api_project/vendor/github.com/beego/beego/v2/core/logs/log.go:720]  1024 is a very good game
2021/04/10 15:42:14.902  [C] [/Users/yiche/Desktop/code/go/src/github.com/mengjunwei/go_api_project/vendor/github.com/beego/beego/v2/core/logs/log.go:715]  oh,crash
2021/04/10 15:42:14.909  [W] [/Users/yiche/Desktop/code/go/src/github.com/mengjunwei/go_api_project/vendor/github.com/beego/beego/v2/core/logs/log.go:725]  now we don't start tasks here, if you use task module, please invoke task.StartTask, or task will not be executed
2021/04/10 15:42:14.909  [I] [/Users/yiche/Desktop/code/go/src/github.com/mengjunwei/go_api_project/vendor/github.com/beego/beego/v2/core/logs/log.go:745]  Admin server Running on :8088
2021/04/10 15:42:15.221  [I] [/Users/yiche/Desktop/code/go/src/github.com/mengjunwei/go_api_project/vendor/github.com/beego/beego/v2/core/logs/log.go:745]  generate router from comments
2021/04/10 15:42:15.222  [I] [/Users/yiche/Desktop/code/go/src/github.com/mengjunwei/go_api_project/vendor/github.com/beego/beego/v2/core/logs/log.go:745]  http server Running on http://:8080
2021/04/10 15:42:15.222  [I] [/Users/yiche/Desktop/code/go/src/github.com/mengjunwei/go_api_project/vendor/github.com/beego/beego/v2/core/logs/log.go:745]  http server Running on http://:8088
2021/04/10 15:44:11.986  [I] [/Users/yiche/Desktop/code/go/src/github.com/mengjunwei/go_api_project/vendor/github.com/beego/beego/v2/core/logs/log.go:745]  536870912
2021/04/10 15:44:11.986  [I] [/Users/yiche/Desktop/code/go/src/github.com/mengjunwei/go_api_project/vendor/github.com/beego/beego/v2/core/logs/log.go:745]  this yellow cat is 3 years old
2021/04/10 15:44:11.986  [W] [/Users/yiche/Desktop/code/go/src/github.com/mengjunwei/go_api_project/vendor/github.com/beego/beego/v2/core/logs/log.go:730]  json is a type of kv like map[key:2016]
2021/04/10 15:44:11.986  [E] [/Users/yiche/Desktop/code/go/src/github.com/mengjunwei/go_api_project/vendor/github.com/beego/beego/v2/core/logs/log.go:720]  1024 is a very good game
2021/04/10 15:44:11.986  [C] [/Users/yiche/Desktop/code/go/src/github.com/mengjunwei/go_api_project/vendor/github.com/beego/beego/v2/core/logs/log.go:715]  oh,crash
2021/04/10 15:44:11.994  [W] [/Users/yiche/Desktop/code/go/src/github.com/mengjunwei/go_api_project/vendor/github.com/beego/beego/v2/core/logs/log.go:725]  now we don't start tasks here, if you use task module, please invoke task.StartTask, or task will not be executed
2021/04/10 15:44:11.994  [I] [/Users/yiche/Desktop/code/go/src/github.com/mengjunwei/go_api_project/vendor/github.com/beego/beego/v2/core/logs/log.go:745]  Admin server Running on :8088
2021/04/10 15:44:12.331  [I] [/Users/yiche/Desktop/code/go/src/github.com/mengjunwei/go_api_project/vendor/github.com/beego/beego/v2/core/logs/log.go:745]  generate router from comments
2021/04/10 15:44:12.331  [I] [/Users/yiche/Desktop/code/go/src/github.com/mengjunwei/go_api_project/vendor/github.com/beego/beego/v2/core/logs/log.go:745]  http server Running on http://:8080
2021/04/10 15:44:12.331  [I] [/Users/yiche/Desktop/code/go/src/github.com/mengjunwei/go_api_project/vendor/github.com/beego/beego/v2/core/logs/log.go:745]  http server Running on http://:8088
2021/04/10 15:45:08.661  [I] [/Users/yiche/Desktop/code/go/src/github.com/mengjunwei/go_api_project/vendor/github.com/beego/beego/v2/core/logs/log.go:745]  536870912
2021/04/10 15:45:08.661  [I] [/Users/yiche/Desktop/code/go/src/github.com/mengjunwei/go_api_project/vendor/github.com/beego/beego/v2/core/logs/log.go:745]  this yellow cat is 3 years old
2021/04/10 15:45:08.661  [W] [/Users/yiche/Desktop/code/go/src/github.com/mengjunwei/go_api_project/vendor/github.com/beego/beego/v2/core/logs/log.go:730]  json is a type of kv like map[key:2016]
2021/04/10 15:45:08.661  [E] [/Users/yiche/Desktop/code/go/src/github.com/mengjunwei/go_api_project/vendor/github.com/beego/beego/v2/core/logs/log.go:720]  1024 is a very good game
2021/04/10 15:45:08.661  [C] [/Users/yiche/Desktop/code/go/src/github.com/mengjunwei/go_api_project/vendor/github.com/beego/beego/v2/core/logs/log.go:715]  oh,crash
2021/04/10 15:45:08.675  [W] [/Users/yiche/Desktop/code/go/src/github.com/mengjunwei/go_api_project/vendor/github.com/beego/beego/v2/core/logs/log.go:725]  now we don't start tasks here, if you use task module, please invoke task.StartTask, or task will not be executed
2021/04/10 15:45:08.675  [I] [/Users/yiche/Desktop/code/go/src/github.com/mengjunwei/go_api_project/vendor/github.com/beego/beego/v2/core/logs/log.go:745]  Admin server Running on :8088
2021/04/10 15:45:08.993  [I] [/Users/yiche/Desktop/code/go/src/github.com/mengjunwei/go_api_project/vendor/github.com/beego/beego/v2/core/logs/log.go:745]  generate router from comments
2021/04/10 15:45:08.994  [I] [/Users/yiche/Desktop/code/go/src/github.com/mengjunwei/go_api_project/vendor/github.com/beego/beego/v2/core/logs/log.go:745]  http server Running on http://:8080
2021/04/10 15:45:08.994  [I] [/Users/yiche/Desktop/code/go/src/github.com/mengjunwei/go_api_project/vendor/github.com/beego/beego/v2/core/logs/log.go:745]  http server Running on http://:8088
2021/04/10 15:45:35.109  [W] [/Users/yiche/Desktop/code/go/src/github.com/mengjunwei/go_api_project/vendor/github.com/beego/beego/v2/core/logs/log.go:725]  now we don't start tasks here, if you use task module, please invoke task.StartTask, or task will not be executed
2021/04/10 15:45:35.109  [I] [/Users/yiche/Desktop/code/go/src/github.com/mengjunwei/go_api_project/vendor/github.com/beego/beego/v2/core/logs/log.go:745]  Admin server Running on :8088
2021/04/10 15:45:35.426  [I] [/Users/yiche/Desktop/code/go/src/github.com/mengjunwei/go_api_project/vendor/github.com/beego/beego/v2/core/logs/log.go:745]  generate router from comments
2021/04/10 15:45:35.426  [I] [/Users/yiche/Desktop/code/go/src/github.com/mengjunwei/go_api_project/vendor/github.com/beego/beego/v2/core/logs/log.go:745]  http server Running on http://:8080
2021/04/10 15:45:35.426  [I] [/Users/yiche/Desktop/code/go/src/github.com/mengjunwei/go_api_project/vendor/github.com/beego/beego/v2/core/logs/log.go:745]  http server Running on http://:8088
2021/04/10 16:13:24.970  [W] [/Users/yiche/Desktop/code/go/src/github.com/mengjunwei/go_api_project/vendor/github.com/beego/beego/v2/core/logs/log.go:725]  now we don't start tasks here, if you use task module, please invoke task.StartTask, or task will not be executed
2021/04/10 16:13:24.970  [I] [/Users/yiche/Desktop/code/go/src/github.com/mengjunwei/go_api_project/vendor/github.com/beego/beego/v2/core/logs/log.go:745]  Admin server Running on :8088
2021/04/10 16:13:25.343  [I] [/Users/yiche/Desktop/code/go/src/github.com/mengjunwei/go_api_project/vendor/github.com/beego/beego/v2/core/logs/log.go:745]  generate router from comments
2021/04/10 16:13:25.343  [I] [/Users/yiche/Desktop/code/go/src/github.com/mengjunwei/go_api_project/vendor/github.com/beego/beego/v2/core/logs/log.go:745]  http server Running on http://:8080
2021/04/10 16:13:25.343  [I] [/Users/yiche/Desktop/code/go/src/github.com/mengjunwei/go_api_project/vendor/github.com/beego/beego/v2/core/logs/log.go:745]  http server Running on http://:8088
2021/04/10 16:15:25.248  [W] [/Users/yiche/Desktop/code/go/src/github.com/mengjunwei/go_api_project/vendor/github.com/beego/beego/v2/core/logs/log.go:725]  now we don't start tasks here, if you use task module, please invoke task.StartTask, or task will not be executed
2021/04/10 16:15:25.248  [I] [/Users/yiche/Desktop/code/go/src/github.com/mengjunwei/go_api_project/vendor/github.com/beego/beego/v2/core/logs/log.go:745]  Admin server Running on :8088
2021/04/10 16:15:25.581  [I] [/Users/yiche/Desktop/code/go/src/github.com/mengjunwei/go_api_project/vendor/github.com/beego/beego/v2/core/logs/log.go:745]  generate router from comments
2021/04/10 16:15:25.582  [I] [/Users/yiche/Desktop/code/go/src/github.com/mengjunwei/go_api_project/vendor/github.com/beego/beego/v2/core/logs/log.go:745]  http server Running on http://:8080
2021/04/10 16:15:25.582  [I] [/Users/yiche/Desktop/code/go/src/github.com/mengjunwei/go_api_project/vendor/github.com/beego/beego/v2/core/logs/log.go:745]  http server Running on http://:8088
2021/04/10 16:19:26.219  [W] [/Users/yiche/Desktop/code/go/src/github.com/mengjunwei/go_api_project/vendor/github.com/beego/beego/v2/core/logs/log.go:725]  now we don't start tasks here, if you use task module, please invoke task.StartTask, or task will not be executed
2021/04/10 16:19:26.219  [I] [/Users/yiche/Desktop/code/go/src/github.com/mengjunwei/go_api_project/vendor/github.com/beego/beego/v2/core/logs/log.go:745]  Admin server Running on :8088
2021/04/10 16:19:26.534  [I] [/Users/yiche/Desktop/code/go/src/github.com/mengjunwei/go_api_project/vendor/github.com/beego/beego/v2/core/logs/log.go:745]  generate router from comments
2021/04/10 16:19:26.534  [I] [/Users/yiche/Desktop/code/go/src/github.com/mengjunwei/go_api_project/vendor/github.com/beego/beego/v2/core/logs/log.go:745]  http server Running on http://:8080
2021/04/10 16:19:26.534  [I] [/Users/yiche/Desktop/code/go/src/github.com/mengjunwei/go_api_project/vendor/github.com/beego/beego/v2/core/logs/log.go:745]  http server Running on http://:8088
2021/04/10 16:19:44.550  [W] [/Users/yiche/Desktop/code/go/src/github.com/mengjunwei/go_api_project/vendor/github.com/beego/beego/v2/core/logs/log.go:725]  now we don't start tasks here, if you use task module, please invoke task.StartTask, or task will not be executed
2021/04/10 16:19:44.550  [I] [/Users/yiche/Desktop/code/go/src/github.com/mengjunwei/go_api_project/vendor/github.com/beego/beego/v2/core/logs/log.go:745]  Admin server Running on :8088
2021/04/10 16:19:44.894  [I] [/Users/yiche/Desktop/code/go/src/github.com/mengjunwei/go_api_project/vendor/github.com/beego/beego/v2/core/logs/log.go:745]  generate router from comments
2021/04/10 16:19:44.895  [I] [/Users/yiche/Desktop/code/go/src/github.com/mengjunwei/go_api_project/vendor/github.com/beego/beego/v2/core/logs/log.go:745]  http server Running on http://:8080
2021/04/10 16:19:44.895  [I] [/Users/yiche/Desktop/code/go/src/github.com/mengjunwei/go_api_project/vendor/github.com/beego/beego/v2/core/logs/log.go:745]  http server Running on http://:8088
2021/04/10 16:27:36.657  [W] [/Users/yiche/Desktop/code/go/src/github.com/mengjunwei/go_api_project/vendor/github.com/beego/beego/v2/core/logs/log.go:725]  now we don't start tasks here, if you use task module, please invoke task.StartTask, or task will not be executed
2021/04/10 16:27:36.658  [I] [/Users/yiche/Desktop/code/go/src/github.com/mengjunwei/go_api_project/vendor/github.com/beego/beego/v2/core/logs/log.go:745]  Admin server Running on :8088
2021/04/10 16:27:37.648  [I] [/Users/yiche/Desktop/code/go/src/github.com/mengjunwei/go_api_project/vendor/github.com/beego/beego/v2/core/logs/log.go:745]  generate router from comments
2021/04/10 16:27:37.649  [I] [/Users/yiche/Desktop/code/go/src/github.com/mengjunwei/go_api_project/vendor/github.com/beego/beego/v2/core/logs/log.go:745]  http server Running on http://:8080
2021/04/10 16:27:37.649  [I] [/Users/yiche/Desktop/code/go/src/github.com/mengjunwei/go_api_project/vendor/github.com/beego/beego/v2/core/logs/log.go:745]  http server Running on http://:8088
2021/04/10 16:28:47.948  [W] [/Users/yiche/Desktop/code/go/src/github.com/mengjunwei/go_api_project/vendor/github.com/beego/beego/v2/core/logs/log.go:725]  now we don't start tasks here, if you use task module, please invoke task.StartTask, or task will not be executed
2021/04/10 16:28:47.948  [I] [/Users/yiche/Desktop/code/go/src/github.com/mengjunwei/go_api_project/vendor/github.com/beego/beego/v2/core/logs/log.go:745]  Admin server Running on :8088
2021/04/10 16:28:48.268  [I] [/Users/yiche/Desktop/code/go/src/github.com/mengjunwei/go_api_project/vendor/github.com/beego/beego/v2/core/logs/log.go:745]  generate router from comments
2021/04/10 16:28:48.269  [I] [/Users/yiche/Desktop/code/go/src/github.com/mengjunwei/go_api_project/vendor/github.com/beego/beego/v2/core/logs/log.go:745]  http server Running on http://:8080
2021/04/10 16:28:48.269  [I] [/Users/yiche/Desktop/code/go/src/github.com/mengjunwei/go_api_project/vendor/github.com/beego/beego/v2/core/logs/log.go:745]  http server Running on http://:8088
2021/04/10 16:33:13.906  [W] [/Users/yiche/Desktop/code/go/src/github.com/mengjunwei/go_api_project/vendor/github.com/beego/beego/v2/core/logs/log.go:725]  now we don't start tasks here, if you use task module, please invoke task.StartTask, or task will not be executed
2021/04/10 16:33:13.906  [I] [/Users/yiche/Desktop/code/go/src/github.com/mengjunwei/go_api_project/vendor/github.com/beego/beego/v2/core/logs/log.go:745]  Admin server Running on :8088
2021/04/10 16:33:14.245  [I] [/Users/yiche/Desktop/code/go/src/github.com/mengjunwei/go_api_project/vendor/github.com/beego/beego/v2/core/logs/log.go:745]  generate router from comments
2021/04/10 16:33:14.245  [I] [/Users/yiche/Desktop/code/go/src/github.com/mengjunwei/go_api_project/vendor/github.com/beego/beego/v2/core/logs/log.go:745]  http server Running on http://:8080
2021/04/10 16:33:14.245  [I] [/Users/yiche/Desktop/code/go/src/github.com/mengjunwei/go_api_project/vendor/github.com/beego/beego/v2/core/logs/log.go:745]  http server Running on http://:8088
2021/04/10 16:33:58.715  [W] [/Users/yiche/Desktop/code/go/src/github.com/mengjunwei/go_api_project/vendor/github.com/beego/beego/v2/core/logs/log.go:725]  now we don't start tasks here, if you use task module, please invoke task.StartTask, or task will not be executed
2021/04/10 16:33:58.715  [I] [/Users/yiche/Desktop/code/go/src/github.com/mengjunwei/go_api_project/vendor/github.com/beego/beego/v2/core/logs/log.go:745]  Admin server Running on :8088
2021/04/10 16:33:59.039  [I] [/Users/yiche/Desktop/code/go/src/github.com/mengjunwei/go_api_project/vendor/github.com/beego/beego/v2/core/logs/log.go:745]  generate router from comments
2021/04/10 16:33:59.040  [I] [/Users/yiche/Desktop/code/go/src/github.com/mengjunwei/go_api_project/vendor/github.com/beego/beego/v2/core/logs/log.go:745]  http server Running on http://:8080
2021/04/10 16:33:59.040  [I] [/Users/yiche/Desktop/code/go/src/github.com/mengjunwei/go_api_project/vendor/github.com/beego/beego/v2/core/logs/log.go:745]  http server Running on http://:8088
2021/04/10 16:37:39.433  [W] [/Users/yiche/Desktop/code/go/src/github.com/mengjunwei/go_api_project/vendor/github.com/beego/beego/v2/core/logs/log.go:725]  now we don't start tasks here, if you use task module, please invoke task.StartTask, or task will not be executed
2021/04/10 16:37:39.433  [I] [/Users/yiche/Desktop/code/go/src/github.com/mengjunwei/go_api_project/vendor/github.com/beego/beego/v2/core/logs/log.go:745]  Admin server Running on :8088
2021/04/10 16:37:42.622  [W] [/Users/yiche/Desktop/code/go/src/github.com/mengjunwei/go_api_project/vendor/github.com/beego/beego/v2/core/logs/log.go:725]  now we don't start tasks here, if you use task module, please invoke task.StartTask, or task will not be executed
2021/04/10 16:37:42.622  [I] [/Users/yiche/Desktop/code/go/src/github.com/mengjunwei/go_api_project/vendor/github.com/beego/beego/v2/core/logs/log.go:745]  Admin server Running on :8088
2021/04/10 16:37:42.948  [I] [/Users/yiche/Desktop/code/go/src/github.com/mengjunwei/go_api_project/vendor/github.com/beego/beego/v2/core/logs/log.go:745]  generate router from comments
2021/04/10 16:37:42.948  [I] [/Users/yiche/Desktop/code/go/src/github.com/mengjunwei/go_api_project/vendor/github.com/beego/beego/v2/core/logs/log.go:745]  http server Running on http://:8080
2021/04/10 16:37:42.948  [I] [/Users/yiche/Desktop/code/go/src/github.com/mengjunwei/go_api_project/vendor/github.com/beego/beego/v2/core/logs/log.go:745]  http server Running on http://:8088
2021/04/10 16:38:52.145  [W] [/Users/yiche/Desktop/code/go/src/github.com/mengjunwei/go_api_project/vendor/github.com/beego/beego/v2/core/logs/log.go:725]  now we don't start tasks here, if you use task module, please invoke task.StartTask, or task will not be executed
2021/04/10 16:38:52.145  [I] [/Users/yiche/Desktop/code/go/src/github.com/mengjunwei/go_api_project/vendor/github.com/beego/beego/v2/core/logs/log.go:745]  Admin server Running on :8088
2021/04/10 16:38:52.472  [I] [/Users/yiche/Desktop/code/go/src/github.com/mengjunwei/go_api_project/vendor/github.com/beego/beego/v2/core/logs/log.go:745]  generate router from comments
2021/04/10 16:38:52.473  [I] [/Users/yiche/Desktop/code/go/src/github.com/mengjunwei/go_api_project/vendor/github.com/beego/beego/v2/core/logs/log.go:745]  http server Running on http://:8080
2021/04/10 16:38:52.473  [I] [/Users/yiche/Desktop/code/go/src/github.com/mengjunwei/go_api_project/vendor/github.com/beego/beego/v2/core/logs/log.go:745]  http server Running on http://:8088
2021/04/10 16:39:53.041  [W] [/Users/yiche/Desktop/code/go/src/github.com/mengjunwei/go_api_project/vendor/github.com/beego/beego/v2/core/logs/log.go:725]  now we don't start tasks here, if you use task module, please invoke task.StartTask, or task will not be executed
2021/04/10 16:39:53.041  [I] [/Users/yiche/Desktop/code/go/src/github.com/mengjunwei/go_api_project/vendor/github.com/beego/beego/v2/core/logs/log.go:745]  Admin server Running on :8088
2021/04/10 16:39:53.360  [I] [/Users/yiche/Desktop/code/go/src/github.com/mengjunwei/go_api_project/vendor/github.com/beego/beego/v2/core/logs/log.go:745]  generate router from comments
2021/04/10 16:39:53.361  [I] [/Users/yiche/Desktop/code/go/src/github.com/mengjunwei/go_api_project/vendor/github.com/beego/beego/v2/core/logs/log.go:745]  http server Running on http://:8080
2021/04/10 16:39:53.361  [I] [/Users/yiche/Desktop/code/go/src/github.com/mengjunwei/go_api_project/vendor/github.com/beego/beego/v2/core/logs/log.go:745]  http server Running on http://:8088
2021/04/10 16:45:47.311  [I] [/Users/yiche/Desktop/code/go/src/github.com/mengjunwei/go_api_project/vendor/github.com/beego/beego/v2/core/logs/log.go:745]  68.00625324249268 []
