2021/04/10 14:39:21.296  [D] [/Users/yiche/Desktop/code/go/src/github.com/mengjunwei/linux_system_source_set/vendor/github.com/beego/beego/v2/core/logs/log.go:750]  my book is bought in the year of  2016
2021/04/10 14:39:21.297  [I] [/Users/yiche/Desktop/code/go/src/github.com/mengjunwei/linux_system_source_set/vendor/github.com/beego/beego/v2/core/logs/log.go:745]  this yellow cat is 3 years old
2021/04/10 14:39:21.297  [W] [/Users/yiche/Desktop/code/go/src/github.com/mengjunwei/linux_system_source_set/vendor/github.com/beego/beego/v2/core/logs/log.go:730]  json is a type of kv like map[key:2016]
2021/04/10 14:39:21.297  [E] [/Users/yiche/Desktop/code/go/src/github.com/mengjunwei/linux_system_source_set/vendor/github.com/beego/beego/v2/core/logs/log.go:720]  1024 is a very good game
2021/04/10 14:39:21.297  [C] [/Users/yiche/Desktop/code/go/src/github.com/mengjunwei/linux_system_source_set/vendor/github.com/beego/beego/v2/core/logs/log.go:715]  oh,crash
2021/04/10 14:39:21.304  [W] [/Users/yiche/Desktop/code/go/src/github.com/mengjunwei/linux_system_source_set/vendor/github.com/beego/beego/v2/core/logs/log.go:725]  now we don't start tasks here, if you use task module, please invoke task.StartTask, or task will not be executed
2021/04/10 14:39:21.304  [I] [/Users/yiche/Desktop/code/go/src/github.com/mengjunwei/linux_system_source_set/vendor/github.com/beego/beego/v2/core/logs/log.go:745]  Admin server Running on :8088
2021/04/10 14:39:21.867  [I] [/Users/yiche/Desktop/code/go/src/github.com/mengjunwei/linux_system_source_set/vendor/github.com/beego/beego/v2/core/logs/log.go:745]  generate router from comments
2021/04/10 14:39:21.868  [I] [/Users/yiche/Desktop/code/go/src/github.com/mengjunwei/linux_system_source_set/vendor/github.com/beego/beego/v2/core/logs/log.go:745]  http server Running on http://:8080
2021/04/10 14:39:21.868  [I] [/Users/yiche/Desktop/code/go/src/github.com/mengjunwei/linux_system_source_set/vendor/github.com/beego/beego/v2/core/logs/log.go:745]  http server Running on http://:8088
2021/04/10 14:45:38.196  [I] [/Users/yiche/Desktop/code/go/src/github.com/mengjunwei/linux_system_source_set/vendor/github.com/beego/beego/v2/core/logs/log.go:745]  268435456
2021/04/10 14:45:38.196  [D] [/Users/yiche/Desktop/code/go/src/github.com/mengjunwei/linux_system_source_set/vendor/github.com/beego/beego/v2/core/logs/log.go:750]  my book is bought in the year of  2016
2021/04/10 14:45:38.196  [I] [/Users/yiche/Desktop/code/go/src/github.com/mengjunwei/linux_system_source_set/vendor/github.com/beego/beego/v2/core/logs/log.go:745]  this yellow cat is 3 years old
2021/04/10 14:45:38.196  [W] [/Users/yiche/Desktop/code/go/src/github.com/mengjunwei/linux_system_source_set/vendor/github.com/beego/beego/v2/core/logs/log.go:730]  json is a type of kv like map[key:2016]
2021/04/10 14:45:38.196  [E] [/Users/yiche/Desktop/code/go/src/github.com/mengjunwei/linux_system_source_set/vendor/github.com/beego/beego/v2/core/logs/log.go:720]  1024 is a very good game
2021/04/10 14:45:38.196  [C] [/Users/yiche/Desktop/code/go/src/github.com/mengjunwei/linux_system_source_set/vendor/github.com/beego/beego/v2/core/logs/log.go:715]  oh,crash
2021/04/10 14:45:38.205  [W] [/Users/yiche/Desktop/code/go/src/github.com/mengjunwei/linux_system_source_set/vendor/github.com/beego/beego/v2/core/logs/log.go:725]  now we don't start tasks here, if you use task module, please invoke task.StartTask, or task will not be executed
2021/04/10 14:45:38.205  [I] [/Users/yiche/Desktop/code/go/src/github.com/mengjunwei/linux_system_source_set/vendor/github.com/beego/beego/v2/core/logs/log.go:745]  Admin server Running on :8088
2021/04/10 14:45:38.759  [I] [/Users/yiche/Desktop/code/go/src/github.com/mengjunwei/linux_system_source_set/vendor/github.com/beego/beego/v2/core/logs/log.go:745]  generate router from comments
2021/04/10 14:45:38.759  [I] [/Users/yiche/Desktop/code/go/src/github.com/mengjunwei/linux_system_source_set/vendor/github.com/beego/beego/v2/core/logs/log.go:745]  http server Running on http://:8080
2021/04/10 14:45:38.760  [I] [/Users/yiche/Desktop/code/go/src/github.com/mengjunwei/linux_system_source_set/vendor/github.com/beego/beego/v2/core/logs/log.go:745]  http server Running on http://:8088
2021/04/10 14:45:54.114  [I] [/Users/yiche/Desktop/code/go/src/github.com/mengjunwei/linux_system_source_set/vendor/github.com/beego/beego/v2/core/logs/log.go:745]  536870912
2021/04/10 14:45:54.114  [D] [/Users/yiche/Desktop/code/go/src/github.com/mengjunwei/linux_system_source_set/vendor/github.com/beego/beego/v2/core/logs/log.go:750]  my book is bought in the year of  2016
2021/04/10 14:45:54.114  [I] [/Users/yiche/Desktop/code/go/src/github.com/mengjunwei/linux_system_source_set/vendor/github.com/beego/beego/v2/core/logs/log.go:745]  this yellow cat is 3 years old
2021/04/10 14:45:54.115  [W] [/Users/yiche/Desktop/code/go/src/github.com/mengjunwei/linux_system_source_set/vendor/github.com/beego/beego/v2/core/logs/log.go:730]  json is a type of kv like map[key:2016]
2021/04/10 14:45:54.115  [E] [/Users/yiche/Desktop/code/go/src/github.com/mengjunwei/linux_system_source_set/vendor/github.com/beego/beego/v2/core/logs/log.go:720]  1024 is a very good game
2021/04/10 14:45:54.115  [C] [/Users/yiche/Desktop/code/go/src/github.com/mengjunwei/linux_system_source_set/vendor/github.com/beego/beego/v2/core/logs/log.go:715]  oh,crash
2021/04/10 14:45:54.122  [W] [/Users/yiche/Desktop/code/go/src/github.com/mengjunwei/linux_system_source_set/vendor/github.com/beego/beego/v2/core/logs/log.go:725]  now we don't start tasks here, if you use task module, please invoke task.StartTask, or task will not be executed
2021/04/10 14:45:54.122  [I] [/Users/yiche/Desktop/code/go/src/github.com/mengjunwei/linux_system_source_set/vendor/github.com/beego/beego/v2/core/logs/log.go:745]  Admin server Running on :8088
2021/04/10 14:45:54.529  [I] [/Users/yiche/Desktop/code/go/src/github.com/mengjunwei/linux_system_source_set/vendor/github.com/beego/beego/v2/core/logs/log.go:745]  generate router from comments
2021/04/10 14:45:54.529  [I] [/Users/yiche/Desktop/code/go/src/github.com/mengjunwei/linux_system_source_set/vendor/github.com/beego/beego/v2/core/logs/log.go:745]  http server Running on http://:8080
2021/04/10 14:45:54.529  [I] [/Users/yiche/Desktop/code/go/src/github.com/mengjunwei/linux_system_source_set/vendor/github.com/beego/beego/v2/core/logs/log.go:745]  http server Running on http://:8088
2021/04/10 14:48:52.858  [I] [/Users/yiche/Desktop/code/go/src/github.com/mengjunwei/linux_system_source_set/vendor/github.com/beego/beego/v2/core/logs/log.go:745]  536870912
2021/04/10 14:48:52.858  [I] [/Users/yiche/Desktop/code/go/src/github.com/mengjunwei/linux_system_source_set/vendor/github.com/beego/beego/v2/core/logs/log.go:745]  this yellow cat is 3 years old
2021/04/10 14:48:52.858  [W] [/Users/yiche/Desktop/code/go/src/github.com/mengjunwei/linux_system_source_set/vendor/github.com/beego/beego/v2/core/logs/log.go:730]  json is a type of kv like map[key:2016]
2021/04/10 14:48:52.858  [E] [/Users/yiche/Desktop/code/go/src/github.com/mengjunwei/linux_system_source_set/vendor/github.com/beego/beego/v2/core/logs/log.go:720]  1024 is a very good game
2021/04/10 14:48:52.858  [C] [/Users/yiche/Desktop/code/go/src/github.com/mengjunwei/linux_system_source_set/vendor/github.com/beego/beego/v2/core/logs/log.go:715]  oh,crash
2021/04/10 14:48:52.866  [W] [/Users/yiche/Desktop/code/go/src/github.com/mengjunwei/linux_system_source_set/vendor/github.com/beego/beego/v2/core/logs/log.go:725]  now we don't start tasks here, if you use task module, please invoke task.StartTask, or task will not be executed
2021/04/10 14:48:52.866  [I] [/Users/yiche/Desktop/code/go/src/github.com/mengjunwei/linux_system_source_set/vendor/github.com/beego/beego/v2/core/logs/log.go:745]  Admin server Running on :8088
2021/04/10 14:48:53.424  [I] [/Users/yiche/Desktop/code/go/src/github.com/mengjunwei/linux_system_source_set/vendor/github.com/beego/beego/v2/core/logs/log.go:745]  generate router from comments
2021/04/10 14:48:53.425  [I] [/Users/yiche/Desktop/code/go/src/github.com/mengjunwei/linux_system_source_set/vendor/github.com/beego/beego/v2/core/logs/log.go:745]  http server Running on http://:8080
2021/04/10 14:48:53.425  [I] [/Users/yiche/Desktop/code/go/src/github.com/mengjunwei/linux_system_source_set/vendor/github.com/beego/beego/v2/core/logs/log.go:745]  http server Running on http://:8088
2021/04/10 15:01:46.328  [I] [/Users/yiche/Desktop/code/go/src/github.com/mengjunwei/linux_system_source_set/vendor/github.com/beego/beego/v2/core/logs/log.go:745]  536870912
2021/04/10 15:01:46.328  [I] [/Users/yiche/Desktop/code/go/src/github.com/mengjunwei/linux_system_source_set/vendor/github.com/beego/beego/v2/core/logs/log.go:745]  this yellow cat is 3 years old
2021/04/10 15:01:46.328  [W] [/Users/yiche/Desktop/code/go/src/github.com/mengjunwei/linux_system_source_set/vendor/github.com/beego/beego/v2/core/logs/log.go:730]  json is a type of kv like map[key:2016]
2021/04/10 15:01:46.328  [E] [/Users/yiche/Desktop/code/go/src/github.com/mengjunwei/linux_system_source_set/vendor/github.com/beego/beego/v2/core/logs/log.go:720]  1024 is a very good game
2021/04/10 15:01:46.328  [C] [/Users/yiche/Desktop/code/go/src/github.com/mengjunwei/linux_system_source_set/vendor/github.com/beego/beego/v2/core/logs/log.go:715]  oh,crash
2021/04/10 15:01:46.336  [W] [/Users/yiche/Desktop/code/go/src/github.com/mengjunwei/linux_system_source_set/vendor/github.com/beego/beego/v2/core/logs/log.go:725]  now we don't start tasks here, if you use task module, please invoke task.StartTask, or task will not be executed
2021/04/10 15:01:46.336  [I] [/Users/yiche/Desktop/code/go/src/github.com/mengjunwei/linux_system_source_set/vendor/github.com/beego/beego/v2/core/logs/log.go:745]  Admin server Running on :8088
2021/04/10 15:01:46.910  [I] [/Users/yiche/Desktop/code/go/src/github.com/mengjunwei/linux_system_source_set/vendor/github.com/beego/beego/v2/core/logs/log.go:745]  generate router from comments
2021/04/10 15:01:46.912  [I] [/Users/yiche/Desktop/code/go/src/github.com/mengjunwei/linux_system_source_set/vendor/github.com/beego/beego/v2/core/logs/log.go:745]  http server Running on http://:8080
2021/04/10 15:01:46.912  [I] [/Users/yiche/Desktop/code/go/src/github.com/mengjunwei/linux_system_source_set/vendor/github.com/beego/beego/v2/core/logs/log.go:745]  http server Running on http://:8088
2021/04/10 15:28:33.962  [I] [/Users/yiche/Desktop/code/go/src/github.com/mengjunwei/go_api_project/vendor/github.com/beego/beego/v2/core/logs/log.go:745]  536870912
2021/04/10 15:28:33.962  [I] [/Users/yiche/Desktop/code/go/src/github.com/mengjunwei/go_api_project/vendor/github.com/beego/beego/v2/core/logs/log.go:745]  this yellow cat is 3 years old
2021/04/10 15:28:33.962  [W] [/Users/yiche/Desktop/code/go/src/github.com/mengjunwei/go_api_project/vendor/github.com/beego/beego/v2/core/logs/log.go:730]  json is a type of kv like map[key:2016]
2021/04/10 15:28:33.962  [E] [/Users/yiche/Desktop/code/go/src/github.com/mengjunwei/go_api_project/vendor/github.com/beego/beego/v2/core/logs/log.go:720]  1024 is a very good game
2021/04/10 15:28:33.962  [C] [/Users/yiche/Desktop/code/go/src/github.com/mengjunwei/go_api_project/vendor/github.com/beego/beego/v2/core/logs/log.go:715]  oh,crash
2021/04/10 15:28:33.973  [W] [/Users/yiche/Desktop/code/go/src/github.com/mengjunwei/go_api_project/vendor/github.com/beego/beego/v2/core/logs/log.go:725]  now we don't start tasks here, if you use task module, please invoke task.StartTask, or task will not be executed
2021/04/10 15:28:33.973  [I] [/Users/yiche/Desktop/code/go/src/github.com/mengjunwei/go_api_project/vendor/github.com/beego/beego/v2/core/logs/log.go:745]  Admin server Running on :8088
2021/04/10 15:28:34.360  [I] [/Users/yiche/Desktop/code/go/src/github.com/mengjunwei/go_api_project/vendor/github.com/beego/beego/v2/core/logs/log.go:745]  generate router from comments
2021/04/10 15:28:34.361  [I] [/Users/yiche/Desktop/code/go/src/github.com/mengjunwei/go_api_project/vendor/github.com/beego/beego/v2/core/logs/log.go:745]  http server Running on http://:8080
2021/04/10 15:28:34.362  [I] [/Users/yiche/Desktop/code/go/src/github.com/mengjunwei/go_api_project/vendor/github.com/beego/beego/v2/core/logs/log.go:745]  http server Running on http://:8088
2021/04/10 15:29:31.328  [I] [/Users/yiche/Desktop/code/go/src/github.com/mengjunwei/go_api_project/vendor/github.com/beego/beego/v2/core/logs/log.go:745]  536870912
2021/04/10 15:29:31.328  [I] [/Users/yiche/Desktop/code/go/src/github.com/mengjunwei/go_api_project/vendor/github.com/beego/beego/v2/core/logs/log.go:745]  this yellow cat is 3 years old
2021/04/10 15:29:31.328  [W] [/Users/yiche/Desktop/code/go/src/github.com/mengjunwei/go_api_project/vendor/github.com/beego/beego/v2/core/logs/log.go:730]  json is a type of kv like map[key:2016]
2021/04/10 15:29:31.328  [E] [/Users/yiche/Desktop/code/go/src/github.com/mengjunwei/go_api_project/vendor/github.com/beego/beego/v2/core/logs/log.go:720]  1024 is a very good game
2021/04/10 15:29:31.328  [C] [/Users/yiche/Desktop/code/go/src/github.com/mengjunwei/go_api_project/vendor/github.com/beego/beego/v2/core/logs/log.go:715]  oh,crash
2021/04/10 15:29:31.337  [W] [/Users/yiche/Desktop/code/go/src/github.com/mengjunwei/go_api_project/vendor/github.com/beego/beego/v2/core/logs/log.go:725]  now we don't start tasks here, if you use task module, please invoke task.StartTask, or task will not be executed
2021/04/10 15:29:31.337  [I] [/Users/yiche/Desktop/code/go/src/github.com/mengjunwei/go_api_project/vendor/github.com/beego/beego/v2/core/logs/log.go:745]  Admin server Running on :8088
2021/04/10 15:29:31.659  [I] [/Users/yiche/Desktop/code/go/src/github.com/mengjunwei/go_api_project/vendor/github.com/beego/beego/v2/core/logs/log.go:745]  generate router from comments
2021/04/10 15:29:31.659  [I] [/Users/yiche/Desktop/code/go/src/github.com/mengjunwei/go_api_project/vendor/github.com/beego/beego/v2/core/logs/log.go:745]  http server Running on http://:8080
2021/04/10 15:29:31.659  [I] [/Users/yiche/Desktop/code/go/src/github.com/mengjunwei/go_api_project/vendor/github.com/beego/beego/v2/core/logs/log.go:745]  http server Running on http://:8088
2021/04/10 15:30:16.290  [I] [/Users/yiche/Desktop/code/go/src/github.com/mengjunwei/go_api_project/vendor/github.com/beego/beego/v2/core/logs/log.go:745]  536870912
2021/04/10 15:30:16.290  [I] [/Users/yiche/Desktop/code/go/src/github.com/mengjunwei/go_api_project/vendor/github.com/beego/beego/v2/core/logs/log.go:745]  this yellow cat is 3 years old
2021/04/10 15:30:16.290  [W] [/Users/yiche/Desktop/code/go/src/github.com/mengjunwei/go_api_project/vendor/github.com/beego/beego/v2/core/logs/log.go:730]  json is a type of kv like map[key:2016]
2021/04/10 15:30:16.290  [E] [/Users/yiche/Desktop/code/go/src/github.com/mengjunwei/go_api_project/vendor/github.com/beego/beego/v2/core/logs/log.go:720]  1024 is a very good game
2021/04/10 15:30:16.290  [C] [/Users/yiche/Desktop/code/go/src/github.com/mengjunwei/go_api_project/vendor/github.com/beego/beego/v2/core/logs/log.go:715]  oh,crash
2021/04/10 15:30:16.299  [W] [/Users/yiche/Desktop/code/go/src/github.com/mengjunwei/go_api_project/vendor/github.com/beego/beego/v2/core/logs/log.go:725]  now we don't start tasks here, if you use task module, please invoke task.StartTask, or task will not be executed
2021/04/10 15:30:16.299  [I] [/Users/yiche/Desktop/code/go/src/github.com/mengjunwei/go_api_project/vendor/github.com/beego/beego/v2/core/logs/log.go:745]  Admin server Running on :8088
2021/04/10 15:30:16.651  [I] [/Users/yiche/Desktop/code/go/src/github.com/mengjunwei/go_api_project/vendor/github.com/beego/beego/v2/core/logs/log.go:745]  generate router from comments
2021/04/10 15:30:16.651  [I] [/Users/yiche/Desktop/code/go/src/github.com/mengjunwei/go_api_project/vendor/github.com/beego/beego/v2/core/logs/log.go:745]  http server Running on http://:8080
2021/04/10 15:30:16.651  [I] [/Users/yiche/Desktop/code/go/src/github.com/mengjunwei/go_api_project/vendor/github.com/beego/beego/v2/core/logs/log.go:745]  http server Running on http://:8088
2021/04/10 15:33:40.307  [I] [/Users/yiche/Desktop/code/go/src/github.com/mengjunwei/go_api_project/vendor/github.com/beego/beego/v2/core/logs/log.go:745]  536870912
2021/04/10 15:33:40.307  [I] [/Users/yiche/Desktop/code/go/src/github.com/mengjunwei/go_api_project/vendor/github.com/beego/beego/v2/core/logs/log.go:745]  this yellow cat is 3 years old
2021/04/10 15:33:40.307  [W] [/Users/yiche/Desktop/code/go/src/github.com/mengjunwei/go_api_project/vendor/github.com/beego/beego/v2/core/logs/log.go:730]  json is a type of kv like map[key:2016]
2021/04/10 15:33:40.307  [E] [/Users/yiche/Desktop/code/go/src/github.com/mengjunwei/go_api_project/vendor/github.com/beego/beego/v2/core/logs/log.go:720]  1024 is a very good game
2021/04/10 15:33:40.307  [C] [/Users/yiche/Desktop/code/go/src/github.com/mengjunwei/go_api_project/vendor/github.com/beego/beego/v2/core/logs/log.go:715]  oh,crash
2021/04/10 15:33:40.316  [W] [/Users/yiche/Desktop/code/go/src/github.com/mengjunwei/go_api_project/vendor/github.com/beego/beego/v2/core/logs/log.go:725]  now we don't start tasks here, if you use task module, please invoke task.StartTask, or task will not be executed
2021/04/10 15:33:40.316  [I] [/Users/yiche/Desktop/code/go/src/github.com/mengjunwei/go_api_project/vendor/github.com/beego/beego/v2/core/logs/log.go:745]  Admin server Running on :8088
2021/04/10 15:33:40.646  [I] [/Users/yiche/Desktop/code/go/src/github.com/mengjunwei/go_api_project/vendor/github.com/beego/beego/v2/core/logs/log.go:745]  generate router from comments
2021/04/10 15:33:40.647  [I] [/Users/yiche/Desktop/code/go/src/github.com/mengjunwei/go_api_project/vendor/github.com/beego/beego/v2/core/logs/log.go:745]  http server Running on http://:8088
2021/04/10 15:33:40.647  [I] [/Users/yiche/Desktop/code/go/src/github.com/mengjunwei/go_api_project/vendor/github.com/beego/beego/v2/core/logs/log.go:745]  http server Running on http://:8080
2021/04/10 15:37:47.891  [I] [/Users/yiche/Desktop/code/go/src/github.com/mengjunwei/go_api_project/vendor/github.com/beego/beego/v2/core/logs/log.go:745]  536870912
2021/04/10 15:37:47.891  [I] [/Users/yiche/Desktop/code/go/src/github.com/mengjunwei/go_api_project/vendor/github.com/beego/beego/v2/core/logs/log.go:745]  this yellow cat is 3 years old
2021/04/10 15:37:47.891  [W] [/Users/yiche/Desktop/code/go/src/github.com/mengjunwei/go_api_project/vendor/github.com/beego/beego/v2/core/logs/log.go:730]  json is a type of kv like map[key:2016]
2021/04/10 15:37:47.891  [E] [/Users/yiche/Desktop/code/go/src/github.com/mengjunwei/go_api_project/vendor/github.com/beego/beego/v2/core/logs/log.go:720]  1024 is a very good game
2021/04/10 15:37:47.891  [C] [/Users/yiche/Desktop/code/go/src/github.com/mengjunwei/go_api_project/vendor/github.com/beego/beego/v2/core/logs/log.go:715]  oh,crash
2021/04/10 15:37:47.902  [W] [/Users/yiche/Desktop/code/go/src/github.com/mengjunwei/go_api_project/vendor/github.com/beego/beego/v2/core/logs/log.go:725]  now we don't start tasks here, if you use task module, please invoke task.StartTask, or task will not be executed
2021/04/10 15:37:47.902  [I] [/Users/yiche/Desktop/code/go/src/github.com/mengjunwei/go_api_project/vendor/github.com/beego/beego/v2/core/logs/log.go:745]  Admin server Running on :8088
2021/04/10 15:37:48.237  [I] [/Users/yiche/Desktop/code/go/src/github.com/mengjunwei/go_api_project/vendor/github.com/beego/beego/v2/core/logs/log.go:745]  generate router from comments
2021/04/10 15:37:48.237  [I] [/Users/yiche/Desktop/code/go/src/github.com/mengjunwei/go_api_project/vendor/github.com/beego/beego/v2/core/logs/log.go:745]  http server Running on http://:8080
2021/04/10 15:37:48.237  [I] [/Users/yiche/Desktop/code/go/src/github.com/mengjunwei/go_api_project/vendor/github.com/beego/beego/v2/core/logs/log.go:745]  http server Running on http://:8088
2021/04/10 15:38:05.839  [C] [/Users/yiche/Desktop/code/go/src/github.com/mengjunwei/go_api_project/vendor/github.com/beego/beego/v2/core/logs/log.go:715]  the request url is  /api/v1/linux/systemSource
2021/04/10 15:38:05.839  [C] [/Users/yiche/Desktop/code/go/src/github.com/mengjunwei/go_api_project/vendor/github.com/beego/beego/v2/core/logs/log.go:715]  Handler crashed with error can't find templatefile in the path:views/linuxsystemsourcesetcontroller/post.tpl
2021/04/10 15:38:05.839  [C] [/Users/yiche/Desktop/code/go/src/github.com/mengjunwei/go_api_project/vendor/github.com/beego/beego/v2/core/logs/log.go:715]  /Users/yiche/.g/go/src/runtime/panic.go:975
2021/04/10 15:38:05.839  [C] [/Users/yiche/Desktop/code/go/src/github.com/mengjunwei/go_api_project/vendor/github.com/beego/beego/v2/core/logs/log.go:715]  /Users/yiche/Desktop/code/go/src/github.com/mengjunwei/go_api_project/vendor/github.com/beego/beego/v2/server/web/template.go:75
2021/04/10 15:38:05.839  [C] [/Users/yiche/Desktop/code/go/src/github.com/mengjunwei/go_api_project/vendor/github.com/beego/beego/v2/core/logs/log.go:715]  /Users/yiche/Desktop/code/go/src/github.com/mengjunwei/go_api_project/vendor/github.com/beego/beego/v2/server/web/controller.go:311
2021/04/10 15:38:05.839  [C] [/Users/yiche/Desktop/code/go/src/github.com/mengjunwei/go_api_project/vendor/github.com/beego/beego/v2/core/logs/log.go:715]  /Users/yiche/Desktop/code/go/src/github.com/mengjunwei/go_api_project/vendor/github.com/beego/beego/v2/server/web/controller.go:262
2021/04/10 15:38:05.839  [C] [/Users/yiche/Desktop/code/go/src/github.com/mengjunwei/go_api_project/vendor/github.com/beego/beego/v2/core/logs/log.go:715]  /Users/yiche/Desktop/code/go/src/github.com/mengjunwei/go_api_project/vendor/github.com/beego/beego/v2/server/web/controller.go:239
2021/04/10 15:38:05.839  [C] [/Users/yiche/Desktop/code/go/src/github.com/mengjunwei/go_api_project/vendor/github.com/beego/beego/v2/core/logs/log.go:715]  /Users/yiche/Desktop/code/go/src/github.com/mengjunwei/go_api_project/vendor/github.com/beego/beego/v2/server/web/router.go:895
2021/04/10 15:38:05.839  [C] [/Users/yiche/Desktop/code/go/src/github.com/mengjunwei/go_api_project/vendor/github.com/beego/beego/v2/core/logs/log.go:715]  /Users/yiche/Desktop/code/go/src/github.com/mengjunwei/go_api_project/vendor/github.com/beego/beego/v2/server/web/filter.go:81
2021/04/10 15:38:05.839  [C] [/Users/yiche/Desktop/code/go/src/github.com/mengjunwei/go_api_project/vendor/github.com/beego/beego/v2/core/logs/log.go:715]  /Users/yiche/Desktop/code/go/src/github.com/mengjunwei/go_api_project/vendor/github.com/beego/beego/v2/server/web/router.go:664
2021/04/10 15:38:05.839  [C] [/Users/yiche/Desktop/code/go/src/github.com/mengjunwei/go_api_project/vendor/github.com/beego/beego/v2/core/logs/log.go:715]  /Users/yiche/.g/go/src/net/http/server.go:2843
2021/04/10 15:38:05.839  [C] [/Users/yiche/Desktop/code/go/src/github.com/mengjunwei/go_api_project/vendor/github.com/beego/beego/v2/core/logs/log.go:715]  /Users/yiche/.g/go/src/net/http/server.go:1925
2021/04/10 15:38:05.839  [C] [/Users/yiche/Desktop/code/go/src/github.com/mengjunwei/go_api_project/vendor/github.com/beego/beego/v2/core/logs/log.go:715]  /Users/yiche/.g/go/src/runtime/asm_amd64.s:1374
