0001/01/01 00:00:00.000  [M] [/Users/yiche/.g/go/src/log/log.go:181]  [HTTP] http: superfluous response.WriteHeader call from github.com/beego/beego/v2/server/web/context.(*Response).WriteHeader (context.go:230)
2021/04/10 15:41:00.954  [I] [/Users/yiche/Desktop/code/go/src/github.com/mengjunwei/go_api_project/vendor/github.com/beego/beego/v2/core/logs/log.go:745]  536870912
2021/04/10 15:41:00.954  [I] [/Users/yiche/Desktop/code/go/src/github.com/mengjunwei/go_api_project/vendor/github.com/beego/beego/v2/core/logs/log.go:745]  this yellow cat is 3 years old
2021/04/10 15:41:00.954  [W] [/Users/yiche/Desktop/code/go/src/github.com/mengjunwei/go_api_project/vendor/github.com/beego/beego/v2/core/logs/log.go:730]  json is a type of kv like map[key:2016]
2021/04/10 15:41:00.954  [E] [/Users/yiche/Desktop/code/go/src/github.com/mengjunwei/go_api_project/vendor/github.com/beego/beego/v2/core/logs/log.go:720]  1024 is a very good game
2021/04/10 15:41:00.954  [C] [/Users/yiche/Desktop/code/go/src/github.com/mengjunwei/go_api_project/vendor/github.com/beego/beego/v2/core/logs/log.go:715]  oh,crash
2021/04/10 15:41:00.962  [W] [/Users/yiche/Desktop/code/go/src/github.com/mengjunwei/go_api_project/vendor/github.com/beego/beego/v2/core/logs/log.go:725]  now we don't start tasks here, if you use task module, please invoke task.StartTask, or task will not be executed
2021/04/10 15:41:00.963  [I] [/Users/yiche/Desktop/code/go/src/github.com/mengjunwei/go_api_project/vendor/github.com/beego/beego/v2/core/logs/log.go:745]  Admin server Running on :8088
2021/04/10 15:41:01.291  [I] [/Users/yiche/Desktop/code/go/src/github.com/mengjunwei/go_api_project/vendor/github.com/beego/beego/v2/core/logs/log.go:745]  generate router from comments
2021/04/10 15:41:01.291  [I] [/Users/yiche/Desktop/code/go/src/github.com/mengjunwei/go_api_project/vendor/github.com/beego/beego/v2/core/logs/log.go:745]  http server Running on http://:8080
2021/04/10 15:41:01.291  [I] [/Users/yiche/Desktop/code/go/src/github.com/mengjunwei/go_api_project/vendor/github.com/beego/beego/v2/core/logs/log.go:745]  http server Running on http://:8088
2021/04/10 15:41:07.584  [C] [/Users/yiche/Desktop/code/go/src/github.com/mengjunwei/go_api_project/vendor/github.com/beego/beego/v2/core/logs/log.go:715]  the request url is  /api/v1/linux/systemSource
2021/04/10 15:41:07.584  [C] [/Users/yiche/Desktop/code/go/src/github.com/mengjunwei/go_api_project/vendor/github.com/beego/beego/v2/core/logs/log.go:715]  Handler crashed with error can't find templatefile in the path:views/linuxsystemsourcesetcontroller/post.tpl
2021/04/10 15:41:07.584  [C] [/Users/yiche/Desktop/code/go/src/github.com/mengjunwei/go_api_project/vendor/github.com/beego/beego/v2/core/logs/log.go:715]  /Users/yiche/.g/go/src/runtime/panic.go:975
2021/04/10 15:41:07.584  [C] [/Users/yiche/Desktop/code/go/src/github.com/mengjunwei/go_api_project/vendor/github.com/beego/beego/v2/core/logs/log.go:715]  /Users/yiche/Desktop/code/go/src/github.com/mengjunwei/go_api_project/vendor/github.com/beego/beego/v2/server/web/template.go:75
2021/04/10 15:41:07.584  [C] [/Users/yiche/Desktop/code/go/src/github.com/mengjunwei/go_api_project/vendor/github.com/beego/beego/v2/core/logs/log.go:715]  /Users/yiche/Desktop/code/go/src/github.com/mengjunwei/go_api_project/vendor/github.com/beego/beego/v2/server/web/controller.go:311
2021/04/10 15:41:07.584  [C] [/Users/yiche/Desktop/code/go/src/github.com/mengjunwei/go_api_project/vendor/github.com/beego/beego/v2/core/logs/log.go:715]  /Users/yiche/Desktop/code/go/src/github.com/mengjunwei/go_api_project/vendor/github.com/beego/beego/v2/server/web/controller.go:262
2021/04/10 15:41:07.584  [C] [/Users/yiche/Desktop/code/go/src/github.com/mengjunwei/go_api_project/vendor/github.com/beego/beego/v2/core/logs/log.go:715]  /Users/yiche/Desktop/code/go/src/github.com/mengjunwei/go_api_project/vendor/github.com/beego/beego/v2/server/web/controller.go:239
2021/04/10 15:41:07.584  [C] [/Users/yiche/Desktop/code/go/src/github.com/mengjunwei/go_api_project/vendor/github.com/beego/beego/v2/core/logs/log.go:715]  /Users/yiche/Desktop/code/go/src/github.com/mengjunwei/go_api_project/vendor/github.com/beego/beego/v2/server/web/router.go:895
2021/04/10 15:41:07.584  [C] [/Users/yiche/Desktop/code/go/src/github.com/mengjunwei/go_api_project/vendor/github.com/beego/beego/v2/core/logs/log.go:715]  /Users/yiche/Desktop/code/go/src/github.com/mengjunwei/go_api_project/vendor/github.com/beego/beego/v2/server/web/filter.go:81
2021/04/10 15:41:07.584  [C] [/Users/yiche/Desktop/code/go/src/github.com/mengjunwei/go_api_project/vendor/github.com/beego/beego/v2/core/logs/log.go:715]  /Users/yiche/Desktop/code/go/src/github.com/mengjunwei/go_api_project/vendor/github.com/beego/beego/v2/server/web/router.go:664
2021/04/10 15:41:07.584  [C] [/Users/yiche/Desktop/code/go/src/github.com/mengjunwei/go_api_project/vendor/github.com/beego/beego/v2/core/logs/log.go:715]  /Users/yiche/.g/go/src/net/http/server.go:2843
2021/04/10 15:41:07.584  [C] [/Users/yiche/Desktop/code/go/src/github.com/mengjunwei/go_api_project/vendor/github.com/beego/beego/v2/core/logs/log.go:715]  /Users/yiche/.g/go/src/net/http/server.go:1925
2021/04/10 15:41:07.584  [C] [/Users/yiche/Desktop/code/go/src/github.com/mengjunwei/go_api_project/vendor/github.com/beego/beego/v2/core/logs/log.go:715]  /Users/yiche/.g/go/src/runtime/asm_amd64.s:1374
